{
  "RSpec": {
    "coverage": {
      "/Users/NNS/Dropbox/Projects/book_a_doc/spec/support/aruba.rb": [
        1
      ],
      "/Users/NNS/Dropbox/Projects/book_a_doc/spec/file_processor_spec.rb": [
        1,
        1,
        1,
        null,
        1,
        1,
        null,
        1,
        1,
        1,
        1,
        null,
        4,
        null,
        1,
        1,
        1,
        1,
        1,
        null,
        null,
        null,
        1,
        1,
        1,
        1,
        null,
        null,
        null,
        1,
        1,
        1,
        1,
        null,
        1,
        null,
        null,
        null,
        null,
        null,
        1,
        1,
        null,
        null,
        null,
        null
      ],
      "/Users/NNS/Dropbox/Projects/book_a_doc/lib/file_processor.rb": [
        1,
        null,
        1,
        1,
        3,
        null,
        null,
        1,
        1,
        null,
        null,
        1,
        4,
        null,
        null,
        1,
        2,
        null,
        null
      ]
    },
    "timestamp": 1479655625
  }
}
