{
  "RSpec": {
    "coverage": {
      "/Users/NNS/Dropbox/Projects/book_a_doc/spec/support/aruba.rb": [
        1
      ],
      "/Users/NNS/Dropbox/Projects/book_a_doc/spec/booking_spec.rb": [
        1,
        null,
        1,
        1,
        1,
        1,
        1,
        1,
        1,
        null,
        null,
        1,
        1,
        1,
        1,
        1,
        1,
        null,
        1,
        null,
        null,
        null,
        null
      ],
      "/Users/NNS/Dropbox/Projects/book_a_doc/lib/booking.rb": [
        1,
        1,
        4,
        4,
        null,
        null,
        1,
        2,
        2,
        2,
        42,
        null,
        2,
        0,
        0,
        0,
        0,
        null,
        2,
        2,
        2,
        null,
        null,
        null,
        1,
        1,
        2,
        1,
        1,
        1,
        1,
        null,
        null,
        1,
        2,
        null,
        null,
        1,
        2,
        null,
        null,
        1,
        null,
        1,
        2,
        null,
        null,
        1,
        2,
        null,
        null,
        1,
        4,
        null,
        null,
        1,
        2,
        null,
        null
      ],
      "/Users/NNS/Dropbox/Projects/book_a_doc/spec/features/booking_feature_spec.rb": [
        1,
        1,
        1,
        null,
        1,
        1,
        null,
        1,
        1,
        1,
        null,
        1,
        1,
        1,
        1,
        1,
        1,
        1,
        2,
        null,
        1,
        1,
        1,
        1,
        1,
        2,
        null,
        null,
        null,
        null
      ],
      "/Users/NNS/Dropbox/Projects/book_a_doc/lib/file_processor.rb": [
        1,
        null,
        1,
        1,
        5,
        null,
        null,
        1,
        6,
        null,
        null,
        1,
        3,
        null,
        null,
        1,
        6,
        null,
        null,
        1,
        null,
        1,
        3,
        null,
        null
      ],
      "/Users/NNS/Dropbox/Projects/book_a_doc/spec/features/validations_feature_spec.rb": [
        1,
        null,
        1,
        1,
        1,
        1,
        1,
        null,
        1,
        1,
        1,
        1,
        null,
        1,
        1,
        1,
        1,
        1,
        null,
        1,
        1,
        1,
        1,
        null,
        1,
        1,
        1,
        1,
        null,
        1,
        1,
        1,
        1,
        null,
        null
      ],
      "/Users/NNS/Dropbox/Projects/book_a_doc/spec/file_processor_spec.rb": [
        1,
        1,
        1,
        null,
        1,
        1,
        null,
        1,
        1,
        1,
        1,
        null,
        4,
        null,
        1,
        1,
        1,
        1,
        1,
        null,
        null,
        null,
        1,
        1,
        1,
        1,
        null,
        null,
        null,
        1,
        1,
        1,
        1,
        null,
        1,
        null,
        null,
        null,
        null,
        1,
        1,
        1,
        null,
        null,
        null,
        null
      ]
    },
    "timestamp": 1479807001
  }
}
